[debug] [2022-12-01T22:19:01.981Z] ----------------------------------------------------------------------
[debug] [2022-12-01T22:19:01.981Z] Command:       /usr/local/bin/node /usr/local/bin/firebase deploy
[debug] [2022-12-01T22:19:01.982Z] CLI Version:   11.16.1
[debug] [2022-12-01T22:19:01.982Z] Platform:      darwin
[debug] [2022-12-01T22:19:01.982Z] Node Version:  v16.13.2
[debug] [2022-12-01T22:19:01.983Z] Time:          Thu Dec 01 2022 23:19:01 GMT+0100 (Central European Standard Time)
[debug] [2022-12-01T22:19:01.983Z] ----------------------------------------------------------------------
[debug] 
[debug] [2022-12-01T22:19:02.013Z] > command requires scopes: ["email","openid","https://www.googleapis.com/auth/cloudplatformprojects.readonly","https://www.googleapis.com/auth/firebase","https://www.googleapis.com/auth/cloud-platform"]
[debug] [2022-12-01T22:19:02.014Z] > authorizing via signed-in user (anton.wyrowski@gmail.com)
[debug] [2022-12-01T22:19:02.014Z] [iam] checking project advent-calendar-viola for permissions ["firebase.projects.get","firebasehosting.sites.update"]
[debug] [2022-12-01T22:19:02.015Z] >>> [apiv2][query] POST https://cloudresourcemanager.googleapis.com/v1/projects/advent-calendar-viola:testIamPermissions [none]
[debug] [2022-12-01T22:19:02.015Z] >>> [apiv2][(partial)header] POST https://cloudresourcemanager.googleapis.com/v1/projects/advent-calendar-viola:testIamPermissions x-goog-quota-user=projects/advent-calendar-viola
[debug] [2022-12-01T22:19:02.015Z] >>> [apiv2][body] POST https://cloudresourcemanager.googleapis.com/v1/projects/advent-calendar-viola:testIamPermissions {"permissions":["firebase.projects.get","firebasehosting.sites.update"]}
[debug] [2022-12-01T22:19:02.784Z] <<< [apiv2][status] POST https://cloudresourcemanager.googleapis.com/v1/projects/advent-calendar-viola:testIamPermissions 200
[debug] [2022-12-01T22:19:02.785Z] <<< [apiv2][body] POST https://cloudresourcemanager.googleapis.com/v1/projects/advent-calendar-viola:testIamPermissions {"permissions":["firebase.projects.get","firebasehosting.sites.update"]}
[debug] [2022-12-01T22:19:02.786Z] >>> [apiv2][query] GET https://firebase.googleapis.com/v1beta1/projects/advent-calendar-viola [none]
[debug] [2022-12-01T22:19:03.180Z] <<< [apiv2][status] GET https://firebase.googleapis.com/v1beta1/projects/advent-calendar-viola 200
[debug] [2022-12-01T22:19:03.180Z] <<< [apiv2][body] GET https://firebase.googleapis.com/v1beta1/projects/advent-calendar-viola {"projectId":"advent-calendar-viola","projectNumber":"944000079155","displayName":"Advent Calendar","name":"projects/advent-calendar-viola","resources":{"hostingSite":"advent-calendar-viola","storageBucket":"advent-calendar-viola.appspot.com","locationId":"europe-west"},"state":"ACTIVE","etag":"1_8a8b2602-54ef-4c1e-ac3e-3485bd35c486"}
[debug] [2022-12-01T22:19:03.750Z] >>> [apiv2][query] GET https://firebasehosting.googleapis.com/v1beta1/projects/advent-calendar-viola/sites pageToken=&pageSize=10
[debug] [2022-12-01T22:19:04.721Z] <<< [apiv2][status] GET https://firebasehosting.googleapis.com/v1beta1/projects/advent-calendar-viola/sites 200
[debug] [2022-12-01T22:19:04.721Z] <<< [apiv2][body] GET https://firebasehosting.googleapis.com/v1beta1/projects/advent-calendar-viola/sites {"sites":[{"name":"projects/advent-calendar-viola/sites/advent-calendar-viola","defaultUrl":"https://advent-calendar-viola.web.app","appId":"1:944000079155:web:292bb19186dd7c629bda46","type":"DEFAULT_SITE"}]}
[debug] [2022-12-01T22:19:04.722Z] >>> [apiv2][query] GET https://firebase.googleapis.com/v1beta1/projects/-/webApps/1:944000079155:web:292bb19186dd7c629bda46/config [none]
[debug] [2022-12-01T22:19:05.786Z] <<< [apiv2][status] GET https://firebase.googleapis.com/v1beta1/projects/-/webApps/1:944000079155:web:292bb19186dd7c629bda46/config 200
[debug] [2022-12-01T22:19:05.786Z] <<< [apiv2][body] GET https://firebase.googleapis.com/v1beta1/projects/-/webApps/1:944000079155:web:292bb19186dd7c629bda46/config {"projectId":"advent-calendar-viola","appId":"1:944000079155:web:292bb19186dd7c629bda46","storageBucket":"advent-calendar-viola.appspot.com","locationId":"europe-west","apiKey":"AIzaSyC1ExJGrL1iUFbMl4apYKroQce3hvlw1Ic","authDomain":"advent-calendar-viola.firebaseapp.com","messagingSenderId":"944000079155"}
[info] 
[info] === Deploying to 'advent-calendar-viola'...
[info] 
[info] i  deploying functions, hosting 
[debug] [2022-12-01T22:19:27.998Z] >>> [apiv2][query] GET https://firebase.googleapis.com/v1beta1/projects/advent-calendar-viola [none]
[debug] [2022-12-01T22:19:28.377Z] <<< [apiv2][status] GET https://firebase.googleapis.com/v1beta1/projects/advent-calendar-viola 200
[debug] [2022-12-01T22:19:28.377Z] <<< [apiv2][body] GET https://firebase.googleapis.com/v1beta1/projects/advent-calendar-viola {"projectId":"advent-calendar-viola","projectNumber":"944000079155","displayName":"Advent Calendar","name":"projects/advent-calendar-viola","resources":{"hostingSite":"advent-calendar-viola","storageBucket":"advent-calendar-viola.appspot.com","locationId":"europe-west"},"state":"ACTIVE","etag":"1_8a8b2602-54ef-4c1e-ac3e-3485bd35c486"}
[info] i  functions: ensuring required API cloudfunctions.googleapis.com is enabled... 
[info] i  functions: ensuring required API cloudbuild.googleapis.com is enabled... 
[info] i  artifactregistry: ensuring required API artifactregistry.googleapis.com is enabled... 
[debug] [2022-12-01T22:19:28.381Z] >>> [apiv2][query] GET https://serviceusage.googleapis.com/v1/projects/advent-calendar-viola/services/cloudfunctions.googleapis.com [none]
[debug] [2022-12-01T22:19:28.384Z] >>> [apiv2][(partial)header] GET https://serviceusage.googleapis.com/v1/projects/advent-calendar-viola/services/cloudfunctions.googleapis.com x-goog-quota-user=projects/advent-calendar-viola
[debug] [2022-12-01T22:19:28.385Z] >>> [apiv2][query] GET https://serviceusage.googleapis.com/v1/projects/advent-calendar-viola/services/runtimeconfig.googleapis.com [none]
[debug] [2022-12-01T22:19:28.385Z] >>> [apiv2][(partial)header] GET https://serviceusage.googleapis.com/v1/projects/advent-calendar-viola/services/runtimeconfig.googleapis.com x-goog-quota-user=projects/advent-calendar-viola
[debug] [2022-12-01T22:19:28.385Z] >>> [apiv2][query] GET https://serviceusage.googleapis.com/v1/projects/advent-calendar-viola/services/cloudbuild.googleapis.com [none]
[debug] [2022-12-01T22:19:28.385Z] >>> [apiv2][(partial)header] GET https://serviceusage.googleapis.com/v1/projects/advent-calendar-viola/services/cloudbuild.googleapis.com x-goog-quota-user=projects/advent-calendar-viola
[debug] [2022-12-01T22:19:28.386Z] >>> [apiv2][query] GET https://serviceusage.googleapis.com/v1/projects/advent-calendar-viola/services/artifactregistry.googleapis.com [none]
[debug] [2022-12-01T22:19:28.386Z] >>> [apiv2][(partial)header] GET https://serviceusage.googleapis.com/v1/projects/advent-calendar-viola/services/artifactregistry.googleapis.com x-goog-quota-user=projects/advent-calendar-viola
[debug] [2022-12-01T22:19:29.276Z] <<< [apiv2][status] GET https://serviceusage.googleapis.com/v1/projects/advent-calendar-viola/services/artifactregistry.googleapis.com 200
[debug] [2022-12-01T22:19:29.277Z] <<< [apiv2][body] GET https://serviceusage.googleapis.com/v1/projects/advent-calendar-viola/services/artifactregistry.googleapis.com [omitted]
[info] ✔  artifactregistry: required API artifactregistry.googleapis.com is enabled 
[debug] [2022-12-01T22:19:29.289Z] <<< [apiv2][status] GET https://serviceusage.googleapis.com/v1/projects/advent-calendar-viola/services/runtimeconfig.googleapis.com 200
[debug] [2022-12-01T22:19:29.290Z] <<< [apiv2][body] GET https://serviceusage.googleapis.com/v1/projects/advent-calendar-viola/services/runtimeconfig.googleapis.com [omitted]
[debug] [2022-12-01T22:19:29.299Z] <<< [apiv2][status] GET https://serviceusage.googleapis.com/v1/projects/advent-calendar-viola/services/cloudfunctions.googleapis.com 200
[debug] [2022-12-01T22:19:29.299Z] <<< [apiv2][body] GET https://serviceusage.googleapis.com/v1/projects/advent-calendar-viola/services/cloudfunctions.googleapis.com [omitted]
[info] ✔  functions: required API cloudfunctions.googleapis.com is enabled 
[debug] [2022-12-01T22:19:29.365Z] <<< [apiv2][status] GET https://serviceusage.googleapis.com/v1/projects/advent-calendar-viola/services/cloudbuild.googleapis.com 200
[debug] [2022-12-01T22:19:29.365Z] <<< [apiv2][body] GET https://serviceusage.googleapis.com/v1/projects/advent-calendar-viola/services/cloudbuild.googleapis.com [omitted]
[info] ✔  functions: required API cloudbuild.googleapis.com is enabled 
[debug] [2022-12-01T22:19:29.366Z] >>> [apiv2][query] GET https://firebase.googleapis.com/v1beta1/projects/advent-calendar-viola/adminSdkConfig [none]
[debug] [2022-12-01T22:19:29.701Z] <<< [apiv2][status] GET https://firebase.googleapis.com/v1beta1/projects/advent-calendar-viola/adminSdkConfig 200
[debug] [2022-12-01T22:19:29.702Z] <<< [apiv2][body] GET https://firebase.googleapis.com/v1beta1/projects/advent-calendar-viola/adminSdkConfig {"projectId":"advent-calendar-viola","storageBucket":"advent-calendar-viola.appspot.com","locationId":"europe-west"}
[debug] [2022-12-01T22:19:29.703Z] >>> [apiv2][query] GET https://runtimeconfig.googleapis.com/v1beta1/projects/advent-calendar-viola/configs [none]
[debug] [2022-12-01T22:19:30.110Z] <<< [apiv2][status] GET https://runtimeconfig.googleapis.com/v1beta1/projects/advent-calendar-viola/configs 200
[debug] [2022-12-01T22:19:30.111Z] <<< [apiv2][body] GET https://runtimeconfig.googleapis.com/v1beta1/projects/advent-calendar-viola/configs {}
[info] i  functions: preparing codebase firebase-frameworks-advent-calendar-viola for deployment 
[debug] [2022-12-01T22:19:30.113Z] Validating nodejs source
[warn] ⚠  functions: package.json indicates an outdated version of firebase-functions. Please upgrade using npm install --save firebase-functions@latest in your functions directory. 
[warn] ⚠  functions: Please note that there will be breaking changes when you upgrade. 
[debug] [2022-12-01T22:19:30.708Z] > [functions] package.json contents: {
  "name": "advents_calendar",
  "version": "0.1.0",
  "private": true,
  "scripts": {
    "dev": "next dev",
    "build": "next build",
    "start": "next start",
    "lint": "next lint"
  },
  "dependencies": {
    "@headlessui/react": "^1.7.4",
    "@heroicons/react": "^2.0.13",
    "@types/node": "18.11.9",
    "@types/react": "18.0.25",
    "@types/react-dom": "18.0.9",
    "eslint": "8.28.0",
    "eslint-config-next": "^13.0.5",
    "firebase": "^9.13.0",
    "next": "^13.0.5",
    "react": "^18.2.0",
    "react-dom": "^18.2.0",
    "typescript": "4.9.3",
    "firebase-frameworks": "^0.6.0",
    "firebase-functions": "^3.23.0",
    "firebase-admin": "^11.0.1"
  },
  "main": "server.js",
  "engines": {
    "node": "16"
  }
}
[debug] [2022-12-01T22:19:30.708Z] Building nodejs source
[info] i  functions: Loaded environment variables from .env. 
[debug] [2022-12-01T22:19:30.709Z] Found functions.yaml. Got spec: {
  "endpoints": {
    "ssradventcalendarviola": {
      "platform": "gcfv2",
      "region": [
        "us-central1"
      ],
      "labels": {},
      "httpsTrigger": {},
      "entryPoint": "ssr"
    }
  },
  "specVersion": "v1alpha1",
  "requiredAPIs": []
}
[info] i  functions: preparing .firebase/advent-calendar-viola/functions directory for uploading... 
[info] i  functions: packaged /Users/antonwyrowski/Programming/Viola/advents_calendar/.firebase/advent-calendar-viola/functions (82.21 MB) for uploading 
[debug] [2022-12-01T22:19:33.577Z] >>> [apiv2][query] GET https://cloudfunctions.googleapis.com/v1/projects/advent-calendar-viola/locations/-/functions [none]
[debug] [2022-12-01T22:19:34.120Z] <<< [apiv2][status] GET https://cloudfunctions.googleapis.com/v1/projects/advent-calendar-viola/locations/-/functions 200
[debug] [2022-12-01T22:19:34.120Z] <<< [apiv2][body] GET https://cloudfunctions.googleapis.com/v1/projects/advent-calendar-viola/locations/-/functions {}
[debug] [2022-12-01T22:19:34.121Z] >>> [apiv2][query] GET https://cloudfunctions.googleapis.com/v2/projects/advent-calendar-viola/locations/-/functions filter=environment%3D%22GEN_2%22
[debug] [2022-12-01T22:19:35.232Z] <<< [apiv2][status] GET https://cloudfunctions.googleapis.com/v2/projects/advent-calendar-viola/locations/-/functions 200
[debug] [2022-12-01T22:19:35.232Z] <<< [apiv2][body] GET https://cloudfunctions.googleapis.com/v2/projects/advent-calendar-viola/locations/-/functions {"functions":[{"name":"projects/advent-calendar-viola/locations/us-central1/functions/ssradventcalendarviola","buildConfig":{"build":"projects/944000079155/locations/us-central1/builds/c56c6372-717b-49cb-ad2f-fe37c73b2385","runtime":"nodejs16","entryPoint":"ssr","source":{"storageSource":{"bucket":"gcf-v2-sources-944000079155-us-central1","object":"ssradventcalendarviola/function-source.zip"}},"sourceProvenance":{"resolvedStorageSource":{"bucket":"gcf-v2-sources-944000079155-us-central1","object":"ssradventcalendarviola/function-source.zip","generation":"1669932792633214"}}},"serviceConfig":{"service":"projects/advent-calendar-viola/locations/us-central1/services/ssradventcalendarviola","timeoutSeconds":60,"environmentVariables":{"__FIREBASE_FRAMEWORKS_ENTRY__":"next.js","__FIREBASE_DEFAULTS__":"{\"config\":{\"projectId\":\"advent-calendar-viola\",\"appId\":\"1:944000079155:web:292bb19186dd7c629bda46\",\"storageBucket\":\"advent-calendar-viola.appspot.com\",\"locationId\":\"europe-west\",\"apiKey\":\"AIzaSyC1ExJGrL1iUFbMl4apYKroQce3hvlw1Ic\",\"authDomain\":\"advent-calendar-viola.firebaseapp.com\",\"messagingSenderId\":\"944000079155\"},\"_authTokenSyncURL\":\"/__session\"}","FIREBASE_CONFIG":"{\"projectId\":\"advent-calendar-viola\",\"storageBucket\":\"advent-calendar-viola.appspot.com\",\"locationId\":\"europe-west\"}","GCLOUD_PROJECT":"advent-calendar-viola","EVENTARC_CLOUD_EVENT_SOURCE":"projects/advent-calendar-viola/locations/us-central1/services/ssradventcalendarviola"},"maxInstanceCount":100,"ingressSettings":"ALLOW_ALL","uri":"https://ssradventcalendarviola-5i6piinbcq-uc.a.run.app","serviceAccountEmail":"944000079155-compute@developer.gserviceaccount.com","availableMemory":"256Mi","allTrafficOnLatestRevision":true,"revision":"ssradventcalendarviola-00004-xub"},"state":"ACTIVE","updateTime":"2022-12-01T22:16:23.123743619Z","labels":{"deployment-tool":"cli-firebase","firebase-functions-codebase":"firebase-frameworks-advent-calendar-viola","firebase-functions-hash":"239814ac2db8c9d9c7632a647fce259b4adaf653"},"environment":"GEN_2"}]}
[debug] [2022-12-01T22:19:35.233Z] >>> [apiv2][query] GET https://run.googleapis.com/v1/projects/advent-calendar-viola/locations/us-central1/services/ssradventcalendarviola [none]
[debug] [2022-12-01T22:19:35.999Z] <<< [apiv2][status] GET https://run.googleapis.com/v1/projects/advent-calendar-viola/locations/us-central1/services/ssradventcalendarviola 200
[debug] [2022-12-01T22:19:36.000Z] <<< [apiv2][body] GET https://run.googleapis.com/v1/projects/advent-calendar-viola/locations/us-central1/services/ssradventcalendarviola {"apiVersion":"serving.knative.dev/v1","kind":"Service","metadata":{"name":"ssradventcalendarviola","namespace":"944000079155","selfLink":"/apis/serving.knative.dev/v1/namespaces/944000079155/services/ssradventcalendarviola","uid":"cd5959fa-00eb-4db7-bf4f-784a929ee6d0","resourceVersion":"AAXuy5I5fWY","generation":4,"labels":{"goog-managed-by":"cloudfunctions","goog-cloudfunctions-runtime":"nodejs16","cloud.googleapis.com/location":"us-central1"},"annotations":{"run.googleapis.com/client-name":"cli-firebase","serving.knative.dev/creator":"service-944000079155@gcf-admin-robot.iam.gserviceaccount.com","serving.knative.dev/lastModifier":"service-944000079155@gcf-admin-robot.iam.gserviceaccount.com","client.knative.dev/user-image":"us-central1-docker.pkg.dev/advent-calendar-viola/gcf-artifacts/ssradventcalendarviola:version_1","run.googleapis.com/ingress":"all","run.googleapis.com/ingress-status":"all"},"creationTimestamp":"2022-11-29T21:36:38.463836Z"},"spec":{"template":{"metadata":{"name":"ssradventcalendarviola-00004-xub","annotations":{"run.googleapis.com/client-name":"cli-firebase","cloudfunctions.googleapis.com/trigger-type":"HTTP_TRIGGER","client.knative.dev/user-image":"us-central1-docker.pkg.dev/advent-calendar-viola/gcf-artifacts/ssradventcalendarviola:version_1","autoscaling.knative.dev/maxScale":"100","run.googleapis.com/cpu-throttling":"true","run.googleapis.com/startup-cpu-boost":"true"}},"spec":{"containerConcurrency":80,"timeoutSeconds":60,"serviceAccountName":"944000079155-compute@developer.gserviceaccount.com","containers":[{"image":"us-central1-docker.pkg.dev/advent-calendar-viola/gcf-artifacts/ssradventcalendarviola:version_1","env":[{"name":"__FIREBASE_FRAMEWORKS_ENTRY__","value":"next.js"},{"name":"__FIREBASE_DEFAULTS__","value":"{\"config\":{\"projectId\":\"advent-calendar-viola\",\"appId\":\"1:944000079155:web:292bb19186dd7c629bda46\",\"storageBucket\":\"advent-calendar-viola.appspot.com\",\"locationId\":\"europe-west\",\"apiKey\":\"AIzaSyC1ExJGrL1iUFbMl4apYKroQce3hvlw1Ic\",\"authDomain\":\"advent-calendar-viola.firebaseapp.com\",\"messagingSenderId\":\"944000079155\"},\"_authTokenSyncURL\":\"/__session\"}"},{"name":"FIREBASE_CONFIG","value":"{\"projectId\":\"advent-calendar-viola\",\"storageBucket\":\"advent-calendar-viola.appspot.com\",\"locationId\":\"europe-west\"}"},{"name":"GCLOUD_PROJECT","value":"advent-calendar-viola"},{"name":"EVENTARC_CLOUD_EVENT_SOURCE","value":"projects/advent-calendar-viola/locations/us-central1/services/ssradventcalendarviola"}],"resources":{"limits":{"cpu":"1","memory":"256Mi"}},"ports":[{"name":"http1","containerPort":8080}]}]}},"traffic":[{"percent":100,"latestRevision":true}]},"status":{"observedGeneration":4,"conditions":[{"type":"Ready","status":"True","lastTransitionTime":"2022-12-01T22:16:22.431457Z"},{"type":"ConfigurationsReady","status":"True","lastTransitionTime":"2022-12-01T22:16:16.806957Z"},{"type":"RoutesReady","status":"True","lastTransitionTime":"2022-12-01T22:16:22.566246Z"}],"latestReadyRevisionName":"ssradventcalendarviola-00004-xub","latestCreatedRevisionName":"ssradventcalendarviola-00004-xub","traffic":[{"revisionName":"ssradventcalendarviola-00004-xub","percent":100,"latestRevision":true}],"url":"https://ssradventcalendarviola-5i6piinbcq-uc.a.run.app","address":{"url":"https://ssradventcalendarviola-5i6piinbcq-uc.a.run.app"}}}
[info] i  functions: ensuring required API run.googleapis.com is enabled... 
[info] i  functions: ensuring required API eventarc.googleapis.com is enabled... 
[info] i  functions: ensuring required API pubsub.googleapis.com is enabled... 
[info] i  functions: ensuring required API storage.googleapis.com is enabled... 
[debug] [2022-12-01T22:19:36.010Z] >>> [apiv2][query] GET https://serviceusage.googleapis.com/v1/projects/advent-calendar-viola/services/run.googleapis.com [none]
[debug] [2022-12-01T22:19:36.010Z] >>> [apiv2][(partial)header] GET https://serviceusage.googleapis.com/v1/projects/advent-calendar-viola/services/run.googleapis.com x-goog-quota-user=projects/advent-calendar-viola
[debug] [2022-12-01T22:19:36.011Z] >>> [apiv2][query] GET https://serviceusage.googleapis.com/v1/projects/advent-calendar-viola/services/eventarc.googleapis.com [none]
[debug] [2022-12-01T22:19:36.011Z] >>> [apiv2][(partial)header] GET https://serviceusage.googleapis.com/v1/projects/advent-calendar-viola/services/eventarc.googleapis.com x-goog-quota-user=projects/advent-calendar-viola
[debug] [2022-12-01T22:19:36.011Z] >>> [apiv2][query] GET https://serviceusage.googleapis.com/v1/projects/advent-calendar-viola/services/pubsub.googleapis.com [none]
[debug] [2022-12-01T22:19:36.011Z] >>> [apiv2][(partial)header] GET https://serviceusage.googleapis.com/v1/projects/advent-calendar-viola/services/pubsub.googleapis.com x-goog-quota-user=projects/advent-calendar-viola
[debug] [2022-12-01T22:19:36.011Z] >>> [apiv2][query] GET https://serviceusage.googleapis.com/v1/projects/advent-calendar-viola/services/storage.googleapis.com [none]
[debug] [2022-12-01T22:19:36.011Z] >>> [apiv2][(partial)header] GET https://serviceusage.googleapis.com/v1/projects/advent-calendar-viola/services/storage.googleapis.com x-goog-quota-user=projects/advent-calendar-viola
[debug] [2022-12-01T22:19:36.893Z] <<< [apiv2][status] GET https://serviceusage.googleapis.com/v1/projects/advent-calendar-viola/services/eventarc.googleapis.com 200
[debug] [2022-12-01T22:19:36.893Z] <<< [apiv2][body] GET https://serviceusage.googleapis.com/v1/projects/advent-calendar-viola/services/eventarc.googleapis.com [omitted]
[info] ✔  functions: required API eventarc.googleapis.com is enabled 
[debug] [2022-12-01T22:19:36.894Z] <<< [apiv2][status] GET https://serviceusage.googleapis.com/v1/projects/advent-calendar-viola/services/pubsub.googleapis.com 200
[debug] [2022-12-01T22:19:36.895Z] <<< [apiv2][body] GET https://serviceusage.googleapis.com/v1/projects/advent-calendar-viola/services/pubsub.googleapis.com [omitted]
[info] ✔  functions: required API pubsub.googleapis.com is enabled 
[debug] [2022-12-01T22:19:36.923Z] <<< [apiv2][status] GET https://serviceusage.googleapis.com/v1/projects/advent-calendar-viola/services/storage.googleapis.com 200
[debug] [2022-12-01T22:19:36.924Z] <<< [apiv2][body] GET https://serviceusage.googleapis.com/v1/projects/advent-calendar-viola/services/storage.googleapis.com [omitted]
[info] ✔  functions: required API storage.googleapis.com is enabled 
[debug] [2022-12-01T22:19:36.939Z] <<< [apiv2][status] GET https://serviceusage.googleapis.com/v1/projects/advent-calendar-viola/services/run.googleapis.com 200
[debug] [2022-12-01T22:19:36.939Z] <<< [apiv2][body] GET https://serviceusage.googleapis.com/v1/projects/advent-calendar-viola/services/run.googleapis.com [omitted]
[info] ✔  functions: required API run.googleapis.com is enabled 
[info] i  functions: generating the service identity for pubsub.googleapis.com... 
[info] i  functions: generating the service identity for eventarc.googleapis.com... 
[debug] [2022-12-01T22:19:36.940Z] >>> [apiv2][query] POST https://serviceusage.googleapis.com/v1beta1/projects/944000079155/services/pubsub.googleapis.com:generateServiceIdentity [none]
[debug] [2022-12-01T22:19:36.941Z] >>> [apiv2][query] POST https://serviceusage.googleapis.com/v1beta1/projects/944000079155/services/eventarc.googleapis.com:generateServiceIdentity [none]
[debug] [2022-12-01T22:19:37.948Z] <<< [apiv2][status] POST https://serviceusage.googleapis.com/v1beta1/projects/944000079155/services/eventarc.googleapis.com:generateServiceIdentity 200
[debug] [2022-12-01T22:19:37.948Z] <<< [apiv2][body] POST https://serviceusage.googleapis.com/v1beta1/projects/944000079155/services/eventarc.googleapis.com:generateServiceIdentity {"name":"operations/finished.DONE_OPERATION","done":true,"response":{"@type":"type.googleapis.com/google.api.serviceusage.v1beta1.ServiceIdentity","email":"service-944000079155@gcp-sa-eventarc.iam.gserviceaccount.com","uniqueId":"116749142276577117531"}}
[debug] [2022-12-01T22:19:38.035Z] <<< [apiv2][status] POST https://serviceusage.googleapis.com/v1beta1/projects/944000079155/services/pubsub.googleapis.com:generateServiceIdentity 200
[debug] [2022-12-01T22:19:38.035Z] <<< [apiv2][body] POST https://serviceusage.googleapis.com/v1beta1/projects/944000079155/services/pubsub.googleapis.com:generateServiceIdentity {"name":"operations/finished.DONE_OPERATION","done":true,"response":{"@type":"type.googleapis.com/google.api.serviceusage.v1beta1.ServiceIdentity","email":"service-944000079155@gcp-sa-pubsub.iam.gserviceaccount.com","uniqueId":"102269310554965686718"}}
[debug] [2022-12-01T22:19:38.038Z] >>> [apiv2][query] GET https://firebase.googleapis.com/v1beta1/projects/advent-calendar-viola [none]
[debug] [2022-12-01T22:19:38.509Z] <<< [apiv2][status] GET https://firebase.googleapis.com/v1beta1/projects/advent-calendar-viola 200
[debug] [2022-12-01T22:19:38.509Z] <<< [apiv2][body] GET https://firebase.googleapis.com/v1beta1/projects/advent-calendar-viola {"projectId":"advent-calendar-viola","projectNumber":"944000079155","displayName":"Advent Calendar","name":"projects/advent-calendar-viola","resources":{"hostingSite":"advent-calendar-viola","storageBucket":"advent-calendar-viola.appspot.com","locationId":"europe-west"},"state":"ACTIVE","etag":"1_8a8b2602-54ef-4c1e-ac3e-3485bd35c486"}
[debug] [2022-12-01T22:19:38.514Z] >>> [apiv2][query] POST https://firebasehosting.googleapis.com/v1beta1/projects/-/sites/advent-calendar-viola/versions [none]
[debug] [2022-12-01T22:19:38.514Z] >>> [apiv2][body] POST https://firebasehosting.googleapis.com/v1beta1/projects/-/sites/advent-calendar-viola/versions {"status":"CREATED","labels":{"deployment-tool":"cli-firebase","firebase-web-framework":"next_ssr"}}
[debug] [2022-12-01T22:19:39.675Z] <<< [apiv2][status] POST https://firebasehosting.googleapis.com/v1beta1/projects/-/sites/advent-calendar-viola/versions 200
[debug] [2022-12-01T22:19:39.675Z] <<< [apiv2][body] POST https://firebasehosting.googleapis.com/v1beta1/projects/-/sites/advent-calendar-viola/versions {"name":"projects/944000079155/sites/advent-calendar-viola/versions/f0bb587a92153780","status":"CREATED","config":{},"labels":{"deployment-tool":"cli-firebase","firebase-web-framework":"next_ssr"}}
[debug] [2022-12-01T22:19:39.677Z] >>> [apiv2][query] POST https://cloudfunctions.googleapis.com/v2/projects/advent-calendar-viola/locations/us-central1/functions:generateUploadUrl [none]
[debug] [2022-12-01T22:19:40.556Z] <<< [apiv2][status] POST https://cloudfunctions.googleapis.com/v2/projects/advent-calendar-viola/locations/us-central1/functions:generateUploadUrl 200
[debug] [2022-12-01T22:19:40.556Z] <<< [apiv2][body] POST https://cloudfunctions.googleapis.com/v2/projects/advent-calendar-viola/locations/us-central1/functions:generateUploadUrl {"uploadUrl":"https://storage.googleapis.com/gcf-v2-uploads-944000079155-us-central1/daf8b026-5d71-4fcb-b0d4-3fb085e20f39.zip?GoogleAccessId=service-944000079155@gcf-admin-robot.iam.gserviceaccount.com&Expires=1669934980&Signature=XW7vm8tEDYG2ZSL6GiQeexyT1K0eLWLtxVLmqDVqYOo1OVHp%2Bbg7VYwwc0Untz%2FvHcVaVj2IB8IU6F8DC1HfKI5Ikz2iJAbGS3eLkKLO5EfBxrbNKt46hdHEORc4ru8pmwhg6MxN923YeiHewdU0Gcir7D0DYFOd5yPYizrSShAACXyzrl1AYcs0QSM0SBcaN%2BazZoXD6X9EErxKaCdtfU0GV1llox1e4P8xP6qfb1myypAJsRwgCJ%2BzelOp0%2FGne6z8ewKDwduRZ6bm883QMIZFxag%2BnH0UMMPBPZqb2MNDVkI%2F7Wmemsm3SphYq51p%2FOBpbHU1Z1%2FMV4MOgqo9Mg%3D%3D","storageSource":{"bucket":"gcf-v2-uploads-944000079155-us-central1","object":"daf8b026-5d71-4fcb-b0d4-3fb085e20f39.zip"}}
[debug] [2022-12-01T22:19:40.557Z] >>> [apiv2][query] PUT https://storage.googleapis.com/gcf-v2-uploads-944000079155-us-central1/daf8b026-5d71-4fcb-b0d4-3fb085e20f39.zip GoogleAccessId=service-944000079155%40gcf-admin-robot.iam.gserviceaccount.com&Expires=1669934980&Signature=XW7vm8tEDYG2ZSL6GiQeexyT1K0eLWLtxVLmqDVqYOo1OVHp%2Bbg7VYwwc0Untz%2FvHcVaVj2IB8IU6F8DC1HfKI5Ikz2iJAbGS3eLkKLO5EfBxrbNKt46hdHEORc4ru8pmwhg6MxN923YeiHewdU0Gcir7D0DYFOd5yPYizrSShAACXyzrl1AYcs0QSM0SBcaN%2BazZoXD6X9EErxKaCdtfU0GV1llox1e4P8xP6qfb1myypAJsRwgCJ%2BzelOp0%2FGne6z8ewKDwduRZ6bm883QMIZFxag%2BnH0UMMPBPZqb2MNDVkI%2F7Wmemsm3SphYq51p%2FOBpbHU1Z1%2FMV4MOgqo9Mg%3D%3D
[debug] [2022-12-01T22:19:40.557Z] >>> [apiv2][body] PUT https://storage.googleapis.com/gcf-v2-uploads-944000079155-us-central1/daf8b026-5d71-4fcb-b0d4-3fb085e20f39.zip [stream]
[debug] [2022-12-01T22:19:47.417Z] <<< [apiv2][status] PUT https://storage.googleapis.com/gcf-v2-uploads-944000079155-us-central1/daf8b026-5d71-4fcb-b0d4-3fb085e20f39.zip 200
[debug] [2022-12-01T22:19:47.418Z] <<< [apiv2][body] PUT https://storage.googleapis.com/gcf-v2-uploads-944000079155-us-central1/daf8b026-5d71-4fcb-b0d4-3fb085e20f39.zip [omitted]
[info] ✔  functions: .firebase/advent-calendar-viola/functions folder uploaded successfully 
[info] i  hosting[advent-calendar-viola]: beginning deploy... 
[info] i  hosting[advent-calendar-viola]: found 23 files in .firebase/advent-calendar-viola/hosting 
[debug] [2022-12-01T22:19:47.442Z] [hosting] uploading with 200 concurrency
[debug] [2022-12-01T22:19:47.472Z] [hosting] hash cache [LmZpcmViYXNlL2FkdmVudC1jYWxlbmRhci12aW9sYS9ob3N0aW5n] stored for 23 files
[debug] [2022-12-01T22:19:47.473Z] [hosting][hash queue][FINAL] {"max":24,"min":8,"avg":10.391304347826086,"active":0,"complete":23,"success":23,"errored":0,"retried":0,"total":23,"elapsed":27}
[debug] [2022-12-01T22:19:47.473Z] >>> [apiv2][query] POST https://firebasehosting.googleapis.com/v1beta1/projects/944000079155/sites/advent-calendar-viola/versions/f0bb587a92153780:populateFiles [none]
[debug] [2022-12-01T22:19:47.473Z] >>> [apiv2][body] POST https://firebasehosting.googleapis.com/v1beta1/projects/944000079155/sites/advent-calendar-viola/versions/f0bb587a92153780:populateFiles {"files":{"/500.html":"7ec64794fe43979a8caefdc045c916a2351ef54b959097146e27ae0127ffd92e","/404.html":"e1c937098514d99b0ae6d0b7eec4404156780c8e7f41ef8d6a38f81326908b1e","/_next/static/_3NwiftS7YEk48BzuhM7t/_ssgManifest.js":"675bfb98e036506c00658f568872a19e509dfb465b1e5ce58b5aad2b275665cc","/_next/static/_3NwiftS7YEk48BzuhM7t/_buildManifest.js":"1ab84e28dd00b1d0c1be40d0fec2eb1b69bddab4015f1069a4fff15c0214715e","/vercel.svg":"52e0371390cc99e009fdfa1f1c9559010afed60b86f5caaf036bf9bc14ab2501","/index.html":"4ae9d39b22896e011428372f014a86b1f1dc0afcdc0038f7347471c190022a6d","/_next/static/chunks/190.635ce97fd421656d.js":"735181d2648d68e831bcf24c664549172469fdbf430963d6be79e9913b6b56b8","/viola.html":"7c41805d1efed03e54001f96d3347e4cc5f69f781afd44061c0ee67eb99da4ba","/_next/static/chunks/187-e793ce9702a833cd.js":"a1889ba77f12919883bc49f0e26320619d6ac854072f5320689a2c046de21f54","/_next/static/chunks/main-app-f7991bdf5a7d528d.js":"b120581067567f62ce83519327a0cf5f9059cf92e5b43e1067c04e9f194b1273","/_next/static/chunks/app/head-58921ee26cac7b01.js":"9378be1b451c1d57b757ead6553cb4c559b55de0e329383c6943372dfb6bf556","/_next/static/chunks/app/layout-b45cb3d1c2b9f9f7.js":"7e712781b8e9a25badffc5f6b7cfd41ef9fac7c88fa9ea9dcdee4a0b4aca2dd8","/_next/static/chunks/app/[slug]/page-49411e6e56f40f28.js":"45b170dfdfc83d8179c996c3e53ccaa6afa7c58b1ea28b46c304748b5f0fdb30","/_next/static/chunks/app/[slug]/layout-1ad1fb365218f76e.js":"c1fc9acbefd4290fe021ff510ac53b8c0c740705d0782d02c3f65baca0a455d4","/_next/static/chunks/webpack-4dc503ec849345e9.js":"86484dfe78cd70fa455f84e12976584ca4cc215201fbfdfb60924a3df100ca9c","/_next/static/chunks/app/page-361e1b3a4790ab96.js":"6b212a83a38bb90a043b5921b039257c86b7c5fcc3ed1f0dbdade772abc3cbc1","/_next/static/chunks/pages/_error-91a854d9c9cfa29b.js":"d4b767af54af2c9e7ccf0639465b6a4a8f7f1d44b50198ae68302b249fa374df","/_next/static/chunks/pages/_app-9f5490aa3d56632f.js":"9752671f03a3b92eff5a701346e2e45d61ec266f9663613310360cf0149421fb","/_next/static/css/42a5a5b42dd04767.css":"89a2fca616dfddb76683a87ca0066527ee4f3c61181b5a84e951ba63707ac61b","/favicon.ico":"04614fc32690cb60b39e472119b7f7aa91d88eaeb8511a7489f8cbe1552e6e59","/_next/static/chunks/polyfills-c67a75d1b6f99dc8.js":"aba23275a3c1380bfc8d467fd921b0c209e7182dbdaa02611c3a496b0b3b34ec","/_next/static/chunks/17-b47af9f57d3e51cd.js":"708bdb9a99decfc6434b3f6b64569144df4c42787aae6048cb4bf2fd67092d0f","/_next/static/chunks/main-66d2b5172f6e5d7e.js":"45e67f4f7600bbf86592198a504645029227666b47b71650d2094c3ee4bd7357"}}
[debug] [2022-12-01T22:19:48.442Z] <<< [apiv2][status] POST https://firebasehosting.googleapis.com/v1beta1/projects/944000079155/sites/advent-calendar-viola/versions/f0bb587a92153780:populateFiles 200
[debug] [2022-12-01T22:19:48.443Z] <<< [apiv2][body] POST https://firebasehosting.googleapis.com/v1beta1/projects/944000079155/sites/advent-calendar-viola/versions/f0bb587a92153780:populateFiles {"uploadRequiredHashes":["6b212a83a38bb90a043b5921b039257c86b7c5fcc3ed1f0dbdade772abc3cbc1","e1c937098514d99b0ae6d0b7eec4404156780c8e7f41ef8d6a38f81326908b1e","7ec64794fe43979a8caefdc045c916a2351ef54b959097146e27ae0127ffd92e"],"uploadUrl":"https://upload-firebasehosting.googleapis.com/upload/sites/advent-calendar-viola/versions/f0bb587a92153780/files"}
[debug] [2022-12-01T22:19:48.444Z] >>> [apiv2][query] POST https://upload-firebasehosting.googleapis.com/upload/sites/advent-calendar-viola/versions/f0bb587a92153780/files/6b212a83a38bb90a043b5921b039257c86b7c5fcc3ed1f0dbdade772abc3cbc1 [none]
[debug] [2022-12-01T22:19:48.444Z] >>> [apiv2][body] POST https://upload-firebasehosting.googleapis.com/upload/sites/advent-calendar-viola/versions/f0bb587a92153780/files/6b212a83a38bb90a043b5921b039257c86b7c5fcc3ed1f0dbdade772abc3cbc1 [stream]
[debug] [2022-12-01T22:19:48.447Z] >>> [apiv2][query] POST https://upload-firebasehosting.googleapis.com/upload/sites/advent-calendar-viola/versions/f0bb587a92153780/files/e1c937098514d99b0ae6d0b7eec4404156780c8e7f41ef8d6a38f81326908b1e [none]
[debug] [2022-12-01T22:19:48.447Z] >>> [apiv2][body] POST https://upload-firebasehosting.googleapis.com/upload/sites/advent-calendar-viola/versions/f0bb587a92153780/files/e1c937098514d99b0ae6d0b7eec4404156780c8e7f41ef8d6a38f81326908b1e [stream]
[debug] [2022-12-01T22:19:48.448Z] >>> [apiv2][query] POST https://upload-firebasehosting.googleapis.com/upload/sites/advent-calendar-viola/versions/f0bb587a92153780/files/7ec64794fe43979a8caefdc045c916a2351ef54b959097146e27ae0127ffd92e [none]
[debug] [2022-12-01T22:19:48.448Z] >>> [apiv2][body] POST https://upload-firebasehosting.googleapis.com/upload/sites/advent-calendar-viola/versions/f0bb587a92153780/files/7ec64794fe43979a8caefdc045c916a2351ef54b959097146e27ae0127ffd92e [stream]
[debug] [2022-12-01T22:19:48.452Z] [hosting][populate queue][FINAL] {"max":973,"min":973,"avg":973,"active":0,"complete":1,"success":1,"errored":0,"retried":0,"total":1,"elapsed":981}
[debug] [2022-12-01T22:19:48.452Z] [hosting] uploads queued: 3
[debug] [2022-12-01T22:19:50.006Z] <<< [apiv2][status] POST https://upload-firebasehosting.googleapis.com/upload/sites/advent-calendar-viola/versions/f0bb587a92153780/files/7ec64794fe43979a8caefdc045c916a2351ef54b959097146e27ae0127ffd92e 200
[debug] [2022-12-01T22:19:50.006Z] <<< [apiv2][body] POST https://upload-firebasehosting.googleapis.com/upload/sites/advent-calendar-viola/versions/f0bb587a92153780/files/7ec64794fe43979a8caefdc045c916a2351ef54b959097146e27ae0127ffd92e [stream]
[debug] [2022-12-01T22:19:50.107Z] <<< [apiv2][status] POST https://upload-firebasehosting.googleapis.com/upload/sites/advent-calendar-viola/versions/f0bb587a92153780/files/e1c937098514d99b0ae6d0b7eec4404156780c8e7f41ef8d6a38f81326908b1e 200
[debug] [2022-12-01T22:19:50.107Z] <<< [apiv2][body] POST https://upload-firebasehosting.googleapis.com/upload/sites/advent-calendar-viola/versions/f0bb587a92153780/files/e1c937098514d99b0ae6d0b7eec4404156780c8e7f41ef8d6a38f81326908b1e [stream]
[debug] [2022-12-01T22:19:50.109Z] <<< [apiv2][status] POST https://upload-firebasehosting.googleapis.com/upload/sites/advent-calendar-viola/versions/f0bb587a92153780/files/6b212a83a38bb90a043b5921b039257c86b7c5fcc3ed1f0dbdade772abc3cbc1 200
[debug] [2022-12-01T22:19:50.109Z] <<< [apiv2][body] POST https://upload-firebasehosting.googleapis.com/upload/sites/advent-calendar-viola/versions/f0bb587a92153780/files/6b212a83a38bb90a043b5921b039257c86b7c5fcc3ed1f0dbdade772abc3cbc1 [stream]
[debug] [2022-12-01T22:19:50.109Z] [hosting][upload queue][FINAL] {"max":1666,"min":1563,"avg":1630.6666666666667,"active":0,"complete":3,"success":3,"errored":0,"retried":0,"total":3,"elapsed":1666}
[info] ✔  hosting[advent-calendar-viola]: file upload complete 
[debug] [2022-12-01T22:19:50.110Z] [hosting] deploy completed after 2687ms
[info] i  functions: updating Node.js 16 function firebase-frameworks-advent-calendar-viola:ssradventcalendarviola(us-central1)... 
[debug] [2022-12-01T22:19:50.121Z] >>> [apiv2][query] PATCH https://cloudfunctions.googleapis.com/v2/projects/advent-calendar-viola/locations/us-central1/functions/ssradventcalendarviola updateMask=name%2CbuildConfig.runtime%2CbuildConfig.entryPoint%2CbuildConfig.source.storageSource.bucket%2CbuildConfig.source.storageSource.object%2CbuildConfig.environmentVariables%2CserviceConfig.environmentVariables%2CserviceConfig.availableMemory%2Clabels
[debug] [2022-12-01T22:19:50.121Z] >>> [apiv2][body] PATCH https://cloudfunctions.googleapis.com/v2/projects/advent-calendar-viola/locations/us-central1/functions/ssradventcalendarviola {"name":"projects/advent-calendar-viola/locations/us-central1/functions/ssradventcalendarviola","buildConfig":{"runtime":"nodejs16","entryPoint":"ssr","source":{"storageSource":{"bucket":"gcf-v2-uploads-944000079155-us-central1","object":"daf8b026-5d71-4fcb-b0d4-3fb085e20f39.zip"}},"environmentVariables":{}},"serviceConfig":{"environmentVariables":{"__FIREBASE_FRAMEWORKS_ENTRY__":"next.js","__FIREBASE_DEFAULTS__":"{\"config\":{\"projectId\":\"advent-calendar-viola\",\"appId\":\"1:944000079155:web:292bb19186dd7c629bda46\",\"storageBucket\":\"advent-calendar-viola.appspot.com\",\"locationId\":\"europe-west\",\"apiKey\":\"AIzaSyC1ExJGrL1iUFbMl4apYKroQce3hvlw1Ic\",\"authDomain\":\"advent-calendar-viola.firebaseapp.com\",\"messagingSenderId\":\"944000079155\"},\"_authTokenSyncURL\":\"/__session\"}","FIREBASE_CONFIG":"{\"projectId\":\"advent-calendar-viola\",\"storageBucket\":\"advent-calendar-viola.appspot.com\",\"locationId\":\"europe-west\"}","GCLOUD_PROJECT":"advent-calendar-viola","EVENTARC_CLOUD_EVENT_SOURCE":"projects/advent-calendar-viola/locations/us-central1/services/ssradventcalendarviola"},"availableMemory":"256Mi"},"labels":{"deployment-tool":"cli-firebase","firebase-functions-codebase":"firebase-frameworks-advent-calendar-viola","firebase-functions-hash":"035ca0b6f15f580fe7958ce16c7addc53cdd44bf"}}
[debug] [2022-12-01T22:19:51.617Z] <<< [apiv2][status] PATCH https://cloudfunctions.googleapis.com/v2/projects/advent-calendar-viola/locations/us-central1/functions/ssradventcalendarviola 200
[debug] [2022-12-01T22:19:51.617Z] <<< [apiv2][body] PATCH https://cloudfunctions.googleapis.com/v2/projects/advent-calendar-viola/locations/us-central1/functions/ssradventcalendarviola {"name":"projects/advent-calendar-viola/locations/us-central1/operations/operation-1669933190787-5eecb9ea2b346-39fe8add-d07ccec5","metadata":{"@type":"type.googleapis.com/google.cloud.functions.v2.OperationMetadata","createTime":"2022-12-01T22:19:51.524320033Z","target":"projects/advent-calendar-viola/locations/us-central1/functions/ssradventcalendarviola","verb":"update","cancelRequested":false,"apiVersion":"v2"},"done":false}
[debug] [2022-12-01T22:19:51.618Z] >>> [apiv2][query] GET https://cloudfunctions.googleapis.com/v2/projects/advent-calendar-viola/locations/us-central1/operations/operation-1669933190787-5eecb9ea2b346-39fe8add-d07ccec5 [none]
[debug] [2022-12-01T22:19:52.386Z] <<< [apiv2][status] GET https://cloudfunctions.googleapis.com/v2/projects/advent-calendar-viola/locations/us-central1/operations/operation-1669933190787-5eecb9ea2b346-39fe8add-d07ccec5 200
[debug] [2022-12-01T22:19:52.386Z] <<< [apiv2][body] GET https://cloudfunctions.googleapis.com/v2/projects/advent-calendar-viola/locations/us-central1/operations/operation-1669933190787-5eecb9ea2b346-39fe8add-d07ccec5 {"name":"projects/advent-calendar-viola/locations/us-central1/operations/operation-1669933190787-5eecb9ea2b346-39fe8add-d07ccec5","metadata":{"@type":"type.googleapis.com/google.cloud.functions.v2.OperationMetadata","createTime":"2022-12-01T22:19:51.524320033Z","target":"projects/advent-calendar-viola/locations/us-central1/functions/ssradventcalendarviola","verb":"update","cancelRequested":false,"apiVersion":"v2","requestResource":{"@type":"type.googleapis.com/google.cloud.functions.v2.Function","name":"projects/advent-calendar-viola/locations/us-central1/functions/ssradventcalendarviola","buildConfig":{"runtime":"nodejs16","entryPoint":"ssr","source":{"storageSource":{"bucket":"gcf-v2-sources-944000079155-us-central1","object":"ssradventcalendarviola/function-source.zip"}},"sourceProvenance":{"resolvedStorageSource":{"bucket":"gcf-v2-sources-944000079155-us-central1","object":"ssradventcalendarviola/function-source.zip","generation":"1669932792633214"}}},"serviceConfig":{"service":"projects/advent-calendar-viola/locations/us-central1/services/ssradventcalendarviola","timeoutSeconds":60,"environmentVariables":{"__FIREBASE_FRAMEWORKS_ENTRY__":"next.js","__FIREBASE_DEFAULTS__":"{\"config\":{\"projectId\":\"advent-calendar-viola\",\"appId\":\"1:944000079155:web:292bb19186dd7c629bda46\",\"storageBucket\":\"advent-calendar-viola.appspot.com\",\"locationId\":\"europe-west\",\"apiKey\":\"AIzaSyC1ExJGrL1iUFbMl4apYKroQce3hvlw1Ic\",\"authDomain\":\"advent-calendar-viola.firebaseapp.com\",\"messagingSenderId\":\"944000079155\"},\"_authTokenSyncURL\":\"/__session\"}","FIREBASE_CONFIG":"{\"projectId\":\"advent-calendar-viola\",\"storageBucket\":\"advent-calendar-viola.appspot.com\",\"locationId\":\"europe-west\"}","GCLOUD_PROJECT":"advent-calendar-viola","EVENTARC_CLOUD_EVENT_SOURCE":"projects/advent-calendar-viola/locations/us-central1/services/ssradventcalendarviola"},"maxInstanceCount":100,"ingressSettings":"ALLOW_ALL","uri":"https://ssradventcalendarviola-5i6piinbcq-uc.a.run.app","serviceAccountEmail":"944000079155-compute@developer.gserviceaccount.com","availableMemory":"256Mi","allTrafficOnLatestRevision":true,"revision":"ssradventcalendarviola-00004-xub"},"state":"ACTIVE","labels":{"firebase-functions-codebase":"firebase-frameworks-advent-calendar-viola","firebase-functions-hash":"035ca0b6f15f580fe7958ce16c7addc53cdd44bf"},"environment":"GEN_2"},"stages":[{"name":"BUILD","state":"NOT_STARTED"},{"name":"SERVICE","state":"NOT_STARTED"}]},"done":false}
[debug] [2022-12-01T22:19:52.888Z] [update-firebase-frameworks-advent-calendar-viola-us-central1-ssradventcalendarviola] Retrying task index 0
[debug] [2022-12-01T22:19:52.888Z] >>> [apiv2][query] GET https://cloudfunctions.googleapis.com/v2/projects/advent-calendar-viola/locations/us-central1/operations/operation-1669933190787-5eecb9ea2b346-39fe8add-d07ccec5 [none]
[debug] [2022-12-01T22:19:53.665Z] <<< [apiv2][status] GET https://cloudfunctions.googleapis.com/v2/projects/advent-calendar-viola/locations/us-central1/operations/operation-1669933190787-5eecb9ea2b346-39fe8add-d07ccec5 200
[debug] [2022-12-01T22:19:53.665Z] <<< [apiv2][body] GET https://cloudfunctions.googleapis.com/v2/projects/advent-calendar-viola/locations/us-central1/operations/operation-1669933190787-5eecb9ea2b346-39fe8add-d07ccec5 {"name":"projects/advent-calendar-viola/locations/us-central1/operations/operation-1669933190787-5eecb9ea2b346-39fe8add-d07ccec5","metadata":{"@type":"type.googleapis.com/google.cloud.functions.v2.OperationMetadata","createTime":"2022-12-01T22:19:51.524320033Z","target":"projects/advent-calendar-viola/locations/us-central1/functions/ssradventcalendarviola","verb":"update","cancelRequested":false,"apiVersion":"v2","requestResource":{"@type":"type.googleapis.com/google.cloud.functions.v2.Function","name":"projects/advent-calendar-viola/locations/us-central1/functions/ssradventcalendarviola","buildConfig":{"runtime":"nodejs16","entryPoint":"ssr","source":{"storageSource":{"bucket":"gcf-v2-sources-944000079155-us-central1","object":"ssradventcalendarviola/function-source.zip"}},"sourceProvenance":{"resolvedStorageSource":{"bucket":"gcf-v2-sources-944000079155-us-central1","object":"ssradventcalendarviola/function-source.zip","generation":"1669932792633214"}}},"serviceConfig":{"service":"projects/advent-calendar-viola/locations/us-central1/services/ssradventcalendarviola","timeoutSeconds":60,"environmentVariables":{"__FIREBASE_FRAMEWORKS_ENTRY__":"next.js","__FIREBASE_DEFAULTS__":"{\"config\":{\"projectId\":\"advent-calendar-viola\",\"appId\":\"1:944000079155:web:292bb19186dd7c629bda46\",\"storageBucket\":\"advent-calendar-viola.appspot.com\",\"locationId\":\"europe-west\",\"apiKey\":\"AIzaSyC1ExJGrL1iUFbMl4apYKroQce3hvlw1Ic\",\"authDomain\":\"advent-calendar-viola.firebaseapp.com\",\"messagingSenderId\":\"944000079155\"},\"_authTokenSyncURL\":\"/__session\"}","FIREBASE_CONFIG":"{\"projectId\":\"advent-calendar-viola\",\"storageBucket\":\"advent-calendar-viola.appspot.com\",\"locationId\":\"europe-west\"}","GCLOUD_PROJECT":"advent-calendar-viola","EVENTARC_CLOUD_EVENT_SOURCE":"projects/advent-calendar-viola/locations/us-central1/services/ssradventcalendarviola"},"maxInstanceCount":100,"ingressSettings":"ALLOW_ALL","uri":"https://ssradventcalendarviola-5i6piinbcq-uc.a.run.app","serviceAccountEmail":"944000079155-compute@developer.gserviceaccount.com","availableMemory":"256Mi","allTrafficOnLatestRevision":true,"revision":"ssradventcalendarviola-00004-xub"},"state":"ACTIVE","labels":{"firebase-functions-codebase":"firebase-frameworks-advent-calendar-viola","firebase-functions-hash":"035ca0b6f15f580fe7958ce16c7addc53cdd44bf"},"environment":"GEN_2"},"stages":[{"name":"BUILD","message":"Creating build","state":"IN_PROGRESS","resource":"projects/944000079155/locations/us-central1/builds/a2a15c04-168e-4f8d-a894-4ba6d9cb4ce1","resourceUri":"https://console.cloud.google.com/cloud-build/builds;region=us-central1/a2a15c04-168e-4f8d-a894-4ba6d9cb4ce1?project=944000079155"},{"name":"SERVICE","state":"NOT_STARTED"}]},"done":false}
[debug] [2022-12-01T22:19:54.667Z] [update-firebase-frameworks-advent-calendar-viola-us-central1-ssradventcalendarviola] Retrying task index 0
[debug] [2022-12-01T22:19:54.667Z] >>> [apiv2][query] GET https://cloudfunctions.googleapis.com/v2/projects/advent-calendar-viola/locations/us-central1/operations/operation-1669933190787-5eecb9ea2b346-39fe8add-d07ccec5 [none]
[debug] [2022-12-01T22:19:55.410Z] <<< [apiv2][status] GET https://cloudfunctions.googleapis.com/v2/projects/advent-calendar-viola/locations/us-central1/operations/operation-1669933190787-5eecb9ea2b346-39fe8add-d07ccec5 200
[debug] [2022-12-01T22:19:55.410Z] <<< [apiv2][body] GET https://cloudfunctions.googleapis.com/v2/projects/advent-calendar-viola/locations/us-central1/operations/operation-1669933190787-5eecb9ea2b346-39fe8add-d07ccec5 {"name":"projects/advent-calendar-viola/locations/us-central1/operations/operation-1669933190787-5eecb9ea2b346-39fe8add-d07ccec5","metadata":{"@type":"type.googleapis.com/google.cloud.functions.v2.OperationMetadata","createTime":"2022-12-01T22:19:51.524320033Z","target":"projects/advent-calendar-viola/locations/us-central1/functions/ssradventcalendarviola","verb":"update","cancelRequested":false,"apiVersion":"v2","requestResource":{"@type":"type.googleapis.com/google.cloud.functions.v2.Function","name":"projects/advent-calendar-viola/locations/us-central1/functions/ssradventcalendarviola","buildConfig":{"runtime":"nodejs16","entryPoint":"ssr","source":{"storageSource":{"bucket":"gcf-v2-sources-944000079155-us-central1","object":"ssradventcalendarviola/function-source.zip"}},"sourceProvenance":{"resolvedStorageSource":{"bucket":"gcf-v2-sources-944000079155-us-central1","object":"ssradventcalendarviola/function-source.zip","generation":"1669932792633214"}}},"serviceConfig":{"service":"projects/advent-calendar-viola/locations/us-central1/services/ssradventcalendarviola","timeoutSeconds":60,"environmentVariables":{"__FIREBASE_FRAMEWORKS_ENTRY__":"next.js","__FIREBASE_DEFAULTS__":"{\"config\":{\"projectId\":\"advent-calendar-viola\",\"appId\":\"1:944000079155:web:292bb19186dd7c629bda46\",\"storageBucket\":\"advent-calendar-viola.appspot.com\",\"locationId\":\"europe-west\",\"apiKey\":\"AIzaSyC1ExJGrL1iUFbMl4apYKroQce3hvlw1Ic\",\"authDomain\":\"advent-calendar-viola.firebaseapp.com\",\"messagingSenderId\":\"944000079155\"},\"_authTokenSyncURL\":\"/__session\"}","FIREBASE_CONFIG":"{\"projectId\":\"advent-calendar-viola\",\"storageBucket\":\"advent-calendar-viola.appspot.com\",\"locationId\":\"europe-west\"}","GCLOUD_PROJECT":"advent-calendar-viola","EVENTARC_CLOUD_EVENT_SOURCE":"projects/advent-calendar-viola/locations/us-central1/services/ssradventcalendarviola"},"maxInstanceCount":100,"ingressSettings":"ALLOW_ALL","uri":"https://ssradventcalendarviola-5i6piinbcq-uc.a.run.app","serviceAccountEmail":"944000079155-compute@developer.gserviceaccount.com","availableMemory":"256Mi","allTrafficOnLatestRevision":true,"revision":"ssradventcalendarviola-00004-xub"},"state":"ACTIVE","labels":{"firebase-functions-codebase":"firebase-frameworks-advent-calendar-viola","firebase-functions-hash":"035ca0b6f15f580fe7958ce16c7addc53cdd44bf"},"environment":"GEN_2"},"stages":[{"name":"BUILD","message":"Creating build","state":"IN_PROGRESS","resource":"projects/944000079155/locations/us-central1/builds/a2a15c04-168e-4f8d-a894-4ba6d9cb4ce1","resourceUri":"https://console.cloud.google.com/cloud-build/builds;region=us-central1/a2a15c04-168e-4f8d-a894-4ba6d9cb4ce1?project=944000079155"},{"name":"SERVICE","state":"NOT_STARTED"}]},"done":false}
[debug] [2022-12-01T22:19:57.411Z] [update-firebase-frameworks-advent-calendar-viola-us-central1-ssradventcalendarviola] Retrying task index 0
[debug] [2022-12-01T22:19:57.411Z] >>> [apiv2][query] GET https://cloudfunctions.googleapis.com/v2/projects/advent-calendar-viola/locations/us-central1/operations/operation-1669933190787-5eecb9ea2b346-39fe8add-d07ccec5 [none]
[debug] [2022-12-01T22:19:58.136Z] <<< [apiv2][status] GET https://cloudfunctions.googleapis.com/v2/projects/advent-calendar-viola/locations/us-central1/operations/operation-1669933190787-5eecb9ea2b346-39fe8add-d07ccec5 200
[debug] [2022-12-01T22:19:58.136Z] <<< [apiv2][body] GET https://cloudfunctions.googleapis.com/v2/projects/advent-calendar-viola/locations/us-central1/operations/operation-1669933190787-5eecb9ea2b346-39fe8add-d07ccec5 {"name":"projects/advent-calendar-viola/locations/us-central1/operations/operation-1669933190787-5eecb9ea2b346-39fe8add-d07ccec5","metadata":{"@type":"type.googleapis.com/google.cloud.functions.v2.OperationMetadata","createTime":"2022-12-01T22:19:51.524320033Z","target":"projects/advent-calendar-viola/locations/us-central1/functions/ssradventcalendarviola","verb":"update","cancelRequested":false,"apiVersion":"v2","requestResource":{"@type":"type.googleapis.com/google.cloud.functions.v2.Function","name":"projects/advent-calendar-viola/locations/us-central1/functions/ssradventcalendarviola","buildConfig":{"runtime":"nodejs16","entryPoint":"ssr","source":{"storageSource":{"bucket":"gcf-v2-sources-944000079155-us-central1","object":"ssradventcalendarviola/function-source.zip"}},"sourceProvenance":{"resolvedStorageSource":{"bucket":"gcf-v2-sources-944000079155-us-central1","object":"ssradventcalendarviola/function-source.zip","generation":"1669932792633214"}}},"serviceConfig":{"service":"projects/advent-calendar-viola/locations/us-central1/services/ssradventcalendarviola","timeoutSeconds":60,"environmentVariables":{"__FIREBASE_FRAMEWORKS_ENTRY__":"next.js","__FIREBASE_DEFAULTS__":"{\"config\":{\"projectId\":\"advent-calendar-viola\",\"appId\":\"1:944000079155:web:292bb19186dd7c629bda46\",\"storageBucket\":\"advent-calendar-viola.appspot.com\",\"locationId\":\"europe-west\",\"apiKey\":\"AIzaSyC1ExJGrL1iUFbMl4apYKroQce3hvlw1Ic\",\"authDomain\":\"advent-calendar-viola.firebaseapp.com\",\"messagingSenderId\":\"944000079155\"},\"_authTokenSyncURL\":\"/__session\"}","FIREBASE_CONFIG":"{\"projectId\":\"advent-calendar-viola\",\"storageBucket\":\"advent-calendar-viola.appspot.com\",\"locationId\":\"europe-west\"}","GCLOUD_PROJECT":"advent-calendar-viola","EVENTARC_CLOUD_EVENT_SOURCE":"projects/advent-calendar-viola/locations/us-central1/services/ssradventcalendarviola"},"maxInstanceCount":100,"ingressSettings":"ALLOW_ALL","uri":"https://ssradventcalendarviola-5i6piinbcq-uc.a.run.app","serviceAccountEmail":"944000079155-compute@developer.gserviceaccount.com","availableMemory":"256Mi","allTrafficOnLatestRevision":true,"revision":"ssradventcalendarviola-00004-xub"},"state":"ACTIVE","labels":{"firebase-functions-codebase":"firebase-frameworks-advent-calendar-viola","firebase-functions-hash":"035ca0b6f15f580fe7958ce16c7addc53cdd44bf"},"environment":"GEN_2"},"stages":[{"name":"BUILD","message":"Creating build","state":"IN_PROGRESS","resource":"projects/944000079155/locations/us-central1/builds/a2a15c04-168e-4f8d-a894-4ba6d9cb4ce1","resourceUri":"https://console.cloud.google.com/cloud-build/builds;region=us-central1/a2a15c04-168e-4f8d-a894-4ba6d9cb4ce1?project=944000079155"},{"name":"SERVICE","state":"NOT_STARTED"}]},"done":false}
[debug] [2022-12-01T22:20:02.137Z] [update-firebase-frameworks-advent-calendar-viola-us-central1-ssradventcalendarviola] Retrying task index 0
[debug] [2022-12-01T22:20:02.138Z] >>> [apiv2][query] GET https://cloudfunctions.googleapis.com/v2/projects/advent-calendar-viola/locations/us-central1/operations/operation-1669933190787-5eecb9ea2b346-39fe8add-d07ccec5 [none]
[debug] [2022-12-01T22:20:02.836Z] <<< [apiv2][status] GET https://cloudfunctions.googleapis.com/v2/projects/advent-calendar-viola/locations/us-central1/operations/operation-1669933190787-5eecb9ea2b346-39fe8add-d07ccec5 200
[debug] [2022-12-01T22:20:02.836Z] <<< [apiv2][body] GET https://cloudfunctions.googleapis.com/v2/projects/advent-calendar-viola/locations/us-central1/operations/operation-1669933190787-5eecb9ea2b346-39fe8add-d07ccec5 {"name":"projects/advent-calendar-viola/locations/us-central1/operations/operation-1669933190787-5eecb9ea2b346-39fe8add-d07ccec5","metadata":{"@type":"type.googleapis.com/google.cloud.functions.v2.OperationMetadata","createTime":"2022-12-01T22:19:51.524320033Z","target":"projects/advent-calendar-viola/locations/us-central1/functions/ssradventcalendarviola","verb":"update","cancelRequested":false,"apiVersion":"v2","requestResource":{"@type":"type.googleapis.com/google.cloud.functions.v2.Function","name":"projects/advent-calendar-viola/locations/us-central1/functions/ssradventcalendarviola","buildConfig":{"runtime":"nodejs16","entryPoint":"ssr","source":{"storageSource":{"bucket":"gcf-v2-sources-944000079155-us-central1","object":"ssradventcalendarviola/function-source.zip"}},"sourceProvenance":{"resolvedStorageSource":{"bucket":"gcf-v2-sources-944000079155-us-central1","object":"ssradventcalendarviola/function-source.zip","generation":"1669932792633214"}}},"serviceConfig":{"service":"projects/advent-calendar-viola/locations/us-central1/services/ssradventcalendarviola","timeoutSeconds":60,"environmentVariables":{"__FIREBASE_FRAMEWORKS_ENTRY__":"next.js","__FIREBASE_DEFAULTS__":"{\"config\":{\"projectId\":\"advent-calendar-viola\",\"appId\":\"1:944000079155:web:292bb19186dd7c629bda46\",\"storageBucket\":\"advent-calendar-viola.appspot.com\",\"locationId\":\"europe-west\",\"apiKey\":\"AIzaSyC1ExJGrL1iUFbMl4apYKroQce3hvlw1Ic\",\"authDomain\":\"advent-calendar-viola.firebaseapp.com\",\"messagingSenderId\":\"944000079155\"},\"_authTokenSyncURL\":\"/__session\"}","FIREBASE_CONFIG":"{\"projectId\":\"advent-calendar-viola\",\"storageBucket\":\"advent-calendar-viola.appspot.com\",\"locationId\":\"europe-west\"}","GCLOUD_PROJECT":"advent-calendar-viola","EVENTARC_CLOUD_EVENT_SOURCE":"projects/advent-calendar-viola/locations/us-central1/services/ssradventcalendarviola"},"maxInstanceCount":100,"ingressSettings":"ALLOW_ALL","uri":"https://ssradventcalendarviola-5i6piinbcq-uc.a.run.app","serviceAccountEmail":"944000079155-compute@developer.gserviceaccount.com","availableMemory":"256Mi","allTrafficOnLatestRevision":true,"revision":"ssradventcalendarviola-00004-xub"},"state":"ACTIVE","labels":{"firebase-functions-codebase":"firebase-frameworks-advent-calendar-viola","firebase-functions-hash":"035ca0b6f15f580fe7958ce16c7addc53cdd44bf"},"environment":"GEN_2"},"stages":[{"name":"BUILD","message":"Creating build","state":"IN_PROGRESS","resource":"projects/944000079155/locations/us-central1/builds/a2a15c04-168e-4f8d-a894-4ba6d9cb4ce1","resourceUri":"https://console.cloud.google.com/cloud-build/builds;region=us-central1/a2a15c04-168e-4f8d-a894-4ba6d9cb4ce1?project=944000079155"},{"name":"SERVICE","state":"NOT_STARTED"}]},"done":false}
[debug] [2022-12-01T22:20:10.837Z] [update-firebase-frameworks-advent-calendar-viola-us-central1-ssradventcalendarviola] Retrying task index 0
[debug] [2022-12-01T22:20:10.838Z] >>> [apiv2][query] GET https://cloudfunctions.googleapis.com/v2/projects/advent-calendar-viola/locations/us-central1/operations/operation-1669933190787-5eecb9ea2b346-39fe8add-d07ccec5 [none]
[debug] [2022-12-01T22:20:11.536Z] <<< [apiv2][status] GET https://cloudfunctions.googleapis.com/v2/projects/advent-calendar-viola/locations/us-central1/operations/operation-1669933190787-5eecb9ea2b346-39fe8add-d07ccec5 200
[debug] [2022-12-01T22:20:11.536Z] <<< [apiv2][body] GET https://cloudfunctions.googleapis.com/v2/projects/advent-calendar-viola/locations/us-central1/operations/operation-1669933190787-5eecb9ea2b346-39fe8add-d07ccec5 {"name":"projects/advent-calendar-viola/locations/us-central1/operations/operation-1669933190787-5eecb9ea2b346-39fe8add-d07ccec5","metadata":{"@type":"type.googleapis.com/google.cloud.functions.v2.OperationMetadata","createTime":"2022-12-01T22:19:51.524320033Z","target":"projects/advent-calendar-viola/locations/us-central1/functions/ssradventcalendarviola","verb":"update","cancelRequested":false,"apiVersion":"v2","requestResource":{"@type":"type.googleapis.com/google.cloud.functions.v2.Function","name":"projects/advent-calendar-viola/locations/us-central1/functions/ssradventcalendarviola","buildConfig":{"runtime":"nodejs16","entryPoint":"ssr","source":{"storageSource":{"bucket":"gcf-v2-sources-944000079155-us-central1","object":"ssradventcalendarviola/function-source.zip"}},"sourceProvenance":{"resolvedStorageSource":{"bucket":"gcf-v2-sources-944000079155-us-central1","object":"ssradventcalendarviola/function-source.zip","generation":"1669932792633214"}}},"serviceConfig":{"service":"projects/advent-calendar-viola/locations/us-central1/services/ssradventcalendarviola","timeoutSeconds":60,"environmentVariables":{"__FIREBASE_FRAMEWORKS_ENTRY__":"next.js","__FIREBASE_DEFAULTS__":"{\"config\":{\"projectId\":\"advent-calendar-viola\",\"appId\":\"1:944000079155:web:292bb19186dd7c629bda46\",\"storageBucket\":\"advent-calendar-viola.appspot.com\",\"locationId\":\"europe-west\",\"apiKey\":\"AIzaSyC1ExJGrL1iUFbMl4apYKroQce3hvlw1Ic\",\"authDomain\":\"advent-calendar-viola.firebaseapp.com\",\"messagingSenderId\":\"944000079155\"},\"_authTokenSyncURL\":\"/__session\"}","FIREBASE_CONFIG":"{\"projectId\":\"advent-calendar-viola\",\"storageBucket\":\"advent-calendar-viola.appspot.com\",\"locationId\":\"europe-west\"}","GCLOUD_PROJECT":"advent-calendar-viola","EVENTARC_CLOUD_EVENT_SOURCE":"projects/advent-calendar-viola/locations/us-central1/services/ssradventcalendarviola"},"maxInstanceCount":100,"ingressSettings":"ALLOW_ALL","uri":"https://ssradventcalendarviola-5i6piinbcq-uc.a.run.app","serviceAccountEmail":"944000079155-compute@developer.gserviceaccount.com","availableMemory":"256Mi","allTrafficOnLatestRevision":true,"revision":"ssradventcalendarviola-00004-xub"},"state":"ACTIVE","labels":{"firebase-functions-codebase":"firebase-frameworks-advent-calendar-viola","firebase-functions-hash":"035ca0b6f15f580fe7958ce16c7addc53cdd44bf"},"environment":"GEN_2"},"stages":[{"name":"BUILD","message":"Creating build","state":"IN_PROGRESS","resource":"projects/944000079155/locations/us-central1/builds/a2a15c04-168e-4f8d-a894-4ba6d9cb4ce1","resourceUri":"https://console.cloud.google.com/cloud-build/builds;region=us-central1/a2a15c04-168e-4f8d-a894-4ba6d9cb4ce1?project=944000079155"},{"name":"SERVICE","state":"NOT_STARTED"}]},"done":false}
[debug] [2022-12-01T22:20:21.538Z] [update-firebase-frameworks-advent-calendar-viola-us-central1-ssradventcalendarviola] Retrying task index 0
[debug] [2022-12-01T22:20:21.538Z] >>> [apiv2][query] GET https://cloudfunctions.googleapis.com/v2/projects/advent-calendar-viola/locations/us-central1/operations/operation-1669933190787-5eecb9ea2b346-39fe8add-d07ccec5 [none]
[debug] [2022-12-01T22:20:22.347Z] <<< [apiv2][status] GET https://cloudfunctions.googleapis.com/v2/projects/advent-calendar-viola/locations/us-central1/operations/operation-1669933190787-5eecb9ea2b346-39fe8add-d07ccec5 200
[debug] [2022-12-01T22:20:22.347Z] <<< [apiv2][body] GET https://cloudfunctions.googleapis.com/v2/projects/advent-calendar-viola/locations/us-central1/operations/operation-1669933190787-5eecb9ea2b346-39fe8add-d07ccec5 {"name":"projects/advent-calendar-viola/locations/us-central1/operations/operation-1669933190787-5eecb9ea2b346-39fe8add-d07ccec5","metadata":{"@type":"type.googleapis.com/google.cloud.functions.v2.OperationMetadata","createTime":"2022-12-01T22:19:51.524320033Z","target":"projects/advent-calendar-viola/locations/us-central1/functions/ssradventcalendarviola","verb":"update","cancelRequested":false,"apiVersion":"v2","requestResource":{"@type":"type.googleapis.com/google.cloud.functions.v2.Function","name":"projects/advent-calendar-viola/locations/us-central1/functions/ssradventcalendarviola","buildConfig":{"runtime":"nodejs16","entryPoint":"ssr","source":{"storageSource":{"bucket":"gcf-v2-sources-944000079155-us-central1","object":"ssradventcalendarviola/function-source.zip"}},"sourceProvenance":{"resolvedStorageSource":{"bucket":"gcf-v2-sources-944000079155-us-central1","object":"ssradventcalendarviola/function-source.zip","generation":"1669932792633214"}}},"serviceConfig":{"service":"projects/advent-calendar-viola/locations/us-central1/services/ssradventcalendarviola","timeoutSeconds":60,"environmentVariables":{"__FIREBASE_FRAMEWORKS_ENTRY__":"next.js","__FIREBASE_DEFAULTS__":"{\"config\":{\"projectId\":\"advent-calendar-viola\",\"appId\":\"1:944000079155:web:292bb19186dd7c629bda46\",\"storageBucket\":\"advent-calendar-viola.appspot.com\",\"locationId\":\"europe-west\",\"apiKey\":\"AIzaSyC1ExJGrL1iUFbMl4apYKroQce3hvlw1Ic\",\"authDomain\":\"advent-calendar-viola.firebaseapp.com\",\"messagingSenderId\":\"944000079155\"},\"_authTokenSyncURL\":\"/__session\"}","FIREBASE_CONFIG":"{\"projectId\":\"advent-calendar-viola\",\"storageBucket\":\"advent-calendar-viola.appspot.com\",\"locationId\":\"europe-west\"}","GCLOUD_PROJECT":"advent-calendar-viola","EVENTARC_CLOUD_EVENT_SOURCE":"projects/advent-calendar-viola/locations/us-central1/services/ssradventcalendarviola"},"maxInstanceCount":100,"ingressSettings":"ALLOW_ALL","uri":"https://ssradventcalendarviola-5i6piinbcq-uc.a.run.app","serviceAccountEmail":"944000079155-compute@developer.gserviceaccount.com","availableMemory":"256Mi","allTrafficOnLatestRevision":true,"revision":"ssradventcalendarviola-00004-xub"},"state":"ACTIVE","labels":{"firebase-functions-codebase":"firebase-frameworks-advent-calendar-viola","firebase-functions-hash":"035ca0b6f15f580fe7958ce16c7addc53cdd44bf"},"environment":"GEN_2"},"stages":[{"name":"BUILD","message":"Creating build","state":"IN_PROGRESS","resource":"projects/944000079155/locations/us-central1/builds/a2a15c04-168e-4f8d-a894-4ba6d9cb4ce1","resourceUri":"https://console.cloud.google.com/cloud-build/builds;region=us-central1/a2a15c04-168e-4f8d-a894-4ba6d9cb4ce1?project=944000079155"},{"name":"SERVICE","state":"NOT_STARTED"}]},"done":false}
[debug] [2022-12-01T22:20:32.348Z] [update-firebase-frameworks-advent-calendar-viola-us-central1-ssradventcalendarviola] Retrying task index 0
[debug] [2022-12-01T22:20:32.348Z] >>> [apiv2][query] GET https://cloudfunctions.googleapis.com/v2/projects/advent-calendar-viola/locations/us-central1/operations/operation-1669933190787-5eecb9ea2b346-39fe8add-d07ccec5 [none]
[debug] [2022-12-01T22:20:33.089Z] <<< [apiv2][status] GET https://cloudfunctions.googleapis.com/v2/projects/advent-calendar-viola/locations/us-central1/operations/operation-1669933190787-5eecb9ea2b346-39fe8add-d07ccec5 200
[debug] [2022-12-01T22:20:33.089Z] <<< [apiv2][body] GET https://cloudfunctions.googleapis.com/v2/projects/advent-calendar-viola/locations/us-central1/operations/operation-1669933190787-5eecb9ea2b346-39fe8add-d07ccec5 {"name":"projects/advent-calendar-viola/locations/us-central1/operations/operation-1669933190787-5eecb9ea2b346-39fe8add-d07ccec5","metadata":{"@type":"type.googleapis.com/google.cloud.functions.v2.OperationMetadata","createTime":"2022-12-01T22:19:51.524320033Z","target":"projects/advent-calendar-viola/locations/us-central1/functions/ssradventcalendarviola","verb":"update","cancelRequested":false,"apiVersion":"v2","requestResource":{"@type":"type.googleapis.com/google.cloud.functions.v2.Function","name":"projects/advent-calendar-viola/locations/us-central1/functions/ssradventcalendarviola","buildConfig":{"runtime":"nodejs16","entryPoint":"ssr","source":{"storageSource":{"bucket":"gcf-v2-sources-944000079155-us-central1","object":"ssradventcalendarviola/function-source.zip"}},"sourceProvenance":{"resolvedStorageSource":{"bucket":"gcf-v2-sources-944000079155-us-central1","object":"ssradventcalendarviola/function-source.zip","generation":"1669932792633214"}}},"serviceConfig":{"service":"projects/advent-calendar-viola/locations/us-central1/services/ssradventcalendarviola","timeoutSeconds":60,"environmentVariables":{"__FIREBASE_FRAMEWORKS_ENTRY__":"next.js","__FIREBASE_DEFAULTS__":"{\"config\":{\"projectId\":\"advent-calendar-viola\",\"appId\":\"1:944000079155:web:292bb19186dd7c629bda46\",\"storageBucket\":\"advent-calendar-viola.appspot.com\",\"locationId\":\"europe-west\",\"apiKey\":\"AIzaSyC1ExJGrL1iUFbMl4apYKroQce3hvlw1Ic\",\"authDomain\":\"advent-calendar-viola.firebaseapp.com\",\"messagingSenderId\":\"944000079155\"},\"_authTokenSyncURL\":\"/__session\"}","FIREBASE_CONFIG":"{\"projectId\":\"advent-calendar-viola\",\"storageBucket\":\"advent-calendar-viola.appspot.com\",\"locationId\":\"europe-west\"}","GCLOUD_PROJECT":"advent-calendar-viola","EVENTARC_CLOUD_EVENT_SOURCE":"projects/advent-calendar-viola/locations/us-central1/services/ssradventcalendarviola"},"maxInstanceCount":100,"ingressSettings":"ALLOW_ALL","uri":"https://ssradventcalendarviola-5i6piinbcq-uc.a.run.app","serviceAccountEmail":"944000079155-compute@developer.gserviceaccount.com","availableMemory":"256Mi","allTrafficOnLatestRevision":true,"revision":"ssradventcalendarviola-00004-xub"},"state":"ACTIVE","labels":{"firebase-functions-codebase":"firebase-frameworks-advent-calendar-viola","firebase-functions-hash":"035ca0b6f15f580fe7958ce16c7addc53cdd44bf"},"environment":"GEN_2"},"stages":[{"name":"BUILD","message":"Creating build","state":"IN_PROGRESS","resource":"projects/944000079155/locations/us-central1/builds/a2a15c04-168e-4f8d-a894-4ba6d9cb4ce1","resourceUri":"https://console.cloud.google.com/cloud-build/builds;region=us-central1/a2a15c04-168e-4f8d-a894-4ba6d9cb4ce1?project=944000079155"},{"name":"SERVICE","state":"NOT_STARTED"}]},"done":false}
[debug] [2022-12-01T22:20:43.090Z] [update-firebase-frameworks-advent-calendar-viola-us-central1-ssradventcalendarviola] Retrying task index 0
[debug] [2022-12-01T22:20:43.091Z] >>> [apiv2][query] GET https://cloudfunctions.googleapis.com/v2/projects/advent-calendar-viola/locations/us-central1/operations/operation-1669933190787-5eecb9ea2b346-39fe8add-d07ccec5 [none]
[debug] [2022-12-01T22:20:43.798Z] <<< [apiv2][status] GET https://cloudfunctions.googleapis.com/v2/projects/advent-calendar-viola/locations/us-central1/operations/operation-1669933190787-5eecb9ea2b346-39fe8add-d07ccec5 200
[debug] [2022-12-01T22:20:43.798Z] <<< [apiv2][body] GET https://cloudfunctions.googleapis.com/v2/projects/advent-calendar-viola/locations/us-central1/operations/operation-1669933190787-5eecb9ea2b346-39fe8add-d07ccec5 {"name":"projects/advent-calendar-viola/locations/us-central1/operations/operation-1669933190787-5eecb9ea2b346-39fe8add-d07ccec5","metadata":{"@type":"type.googleapis.com/google.cloud.functions.v2.OperationMetadata","createTime":"2022-12-01T22:19:51.524320033Z","target":"projects/advent-calendar-viola/locations/us-central1/functions/ssradventcalendarviola","verb":"update","cancelRequested":false,"apiVersion":"v2","requestResource":{"@type":"type.googleapis.com/google.cloud.functions.v2.Function","name":"projects/advent-calendar-viola/locations/us-central1/functions/ssradventcalendarviola","buildConfig":{"runtime":"nodejs16","entryPoint":"ssr","source":{"storageSource":{"bucket":"gcf-v2-sources-944000079155-us-central1","object":"ssradventcalendarviola/function-source.zip"}},"sourceProvenance":{"resolvedStorageSource":{"bucket":"gcf-v2-sources-944000079155-us-central1","object":"ssradventcalendarviola/function-source.zip","generation":"1669932792633214"}}},"serviceConfig":{"service":"projects/advent-calendar-viola/locations/us-central1/services/ssradventcalendarviola","timeoutSeconds":60,"environmentVariables":{"__FIREBASE_FRAMEWORKS_ENTRY__":"next.js","__FIREBASE_DEFAULTS__":"{\"config\":{\"projectId\":\"advent-calendar-viola\",\"appId\":\"1:944000079155:web:292bb19186dd7c629bda46\",\"storageBucket\":\"advent-calendar-viola.appspot.com\",\"locationId\":\"europe-west\",\"apiKey\":\"AIzaSyC1ExJGrL1iUFbMl4apYKroQce3hvlw1Ic\",\"authDomain\":\"advent-calendar-viola.firebaseapp.com\",\"messagingSenderId\":\"944000079155\"},\"_authTokenSyncURL\":\"/__session\"}","FIREBASE_CONFIG":"{\"projectId\":\"advent-calendar-viola\",\"storageBucket\":\"advent-calendar-viola.appspot.com\",\"locationId\":\"europe-west\"}","GCLOUD_PROJECT":"advent-calendar-viola","EVENTARC_CLOUD_EVENT_SOURCE":"projects/advent-calendar-viola/locations/us-central1/services/ssradventcalendarviola"},"maxInstanceCount":100,"ingressSettings":"ALLOW_ALL","uri":"https://ssradventcalendarviola-5i6piinbcq-uc.a.run.app","serviceAccountEmail":"944000079155-compute@developer.gserviceaccount.com","availableMemory":"256Mi","allTrafficOnLatestRevision":true,"revision":"ssradventcalendarviola-00004-xub"},"state":"ACTIVE","labels":{"firebase-functions-codebase":"firebase-frameworks-advent-calendar-viola","firebase-functions-hash":"035ca0b6f15f580fe7958ce16c7addc53cdd44bf"},"environment":"GEN_2"},"stages":[{"name":"BUILD","message":"Creating build","state":"IN_PROGRESS","resource":"projects/944000079155/locations/us-central1/builds/a2a15c04-168e-4f8d-a894-4ba6d9cb4ce1","resourceUri":"https://console.cloud.google.com/cloud-build/builds;region=us-central1/a2a15c04-168e-4f8d-a894-4ba6d9cb4ce1?project=944000079155"},{"name":"SERVICE","state":"NOT_STARTED"}]},"done":false}
[debug] [2022-12-01T22:20:53.800Z] [update-firebase-frameworks-advent-calendar-viola-us-central1-ssradventcalendarviola] Retrying task index 0
[debug] [2022-12-01T22:20:53.801Z] >>> [apiv2][query] GET https://cloudfunctions.googleapis.com/v2/projects/advent-calendar-viola/locations/us-central1/operations/operation-1669933190787-5eecb9ea2b346-39fe8add-d07ccec5 [none]
[debug] [2022-12-01T22:20:54.523Z] <<< [apiv2][status] GET https://cloudfunctions.googleapis.com/v2/projects/advent-calendar-viola/locations/us-central1/operations/operation-1669933190787-5eecb9ea2b346-39fe8add-d07ccec5 200
[debug] [2022-12-01T22:20:54.523Z] <<< [apiv2][body] GET https://cloudfunctions.googleapis.com/v2/projects/advent-calendar-viola/locations/us-central1/operations/operation-1669933190787-5eecb9ea2b346-39fe8add-d07ccec5 {"name":"projects/advent-calendar-viola/locations/us-central1/operations/operation-1669933190787-5eecb9ea2b346-39fe8add-d07ccec5","metadata":{"@type":"type.googleapis.com/google.cloud.functions.v2.OperationMetadata","createTime":"2022-12-01T22:19:51.524320033Z","target":"projects/advent-calendar-viola/locations/us-central1/functions/ssradventcalendarviola","verb":"update","cancelRequested":false,"apiVersion":"v2","requestResource":{"@type":"type.googleapis.com/google.cloud.functions.v2.Function","name":"projects/advent-calendar-viola/locations/us-central1/functions/ssradventcalendarviola","buildConfig":{"runtime":"nodejs16","entryPoint":"ssr","source":{"storageSource":{"bucket":"gcf-v2-sources-944000079155-us-central1","object":"ssradventcalendarviola/function-source.zip"}},"sourceProvenance":{"resolvedStorageSource":{"bucket":"gcf-v2-sources-944000079155-us-central1","object":"ssradventcalendarviola/function-source.zip","generation":"1669932792633214"}}},"serviceConfig":{"service":"projects/advent-calendar-viola/locations/us-central1/services/ssradventcalendarviola","timeoutSeconds":60,"environmentVariables":{"__FIREBASE_FRAMEWORKS_ENTRY__":"next.js","__FIREBASE_DEFAULTS__":"{\"config\":{\"projectId\":\"advent-calendar-viola\",\"appId\":\"1:944000079155:web:292bb19186dd7c629bda46\",\"storageBucket\":\"advent-calendar-viola.appspot.com\",\"locationId\":\"europe-west\",\"apiKey\":\"AIzaSyC1ExJGrL1iUFbMl4apYKroQce3hvlw1Ic\",\"authDomain\":\"advent-calendar-viola.firebaseapp.com\",\"messagingSenderId\":\"944000079155\"},\"_authTokenSyncURL\":\"/__session\"}","FIREBASE_CONFIG":"{\"projectId\":\"advent-calendar-viola\",\"storageBucket\":\"advent-calendar-viola.appspot.com\",\"locationId\":\"europe-west\"}","GCLOUD_PROJECT":"advent-calendar-viola","EVENTARC_CLOUD_EVENT_SOURCE":"projects/advent-calendar-viola/locations/us-central1/services/ssradventcalendarviola"},"maxInstanceCount":100,"ingressSettings":"ALLOW_ALL","uri":"https://ssradventcalendarviola-5i6piinbcq-uc.a.run.app","serviceAccountEmail":"944000079155-compute@developer.gserviceaccount.com","availableMemory":"256Mi","allTrafficOnLatestRevision":true,"revision":"ssradventcalendarviola-00004-xub"},"state":"ACTIVE","labels":{"firebase-functions-codebase":"firebase-frameworks-advent-calendar-viola","firebase-functions-hash":"035ca0b6f15f580fe7958ce16c7addc53cdd44bf"},"environment":"GEN_2"},"stages":[{"name":"BUILD","message":"Creating build","state":"IN_PROGRESS","resource":"projects/944000079155/locations/us-central1/builds/a2a15c04-168e-4f8d-a894-4ba6d9cb4ce1","resourceUri":"https://console.cloud.google.com/cloud-build/builds;region=us-central1/a2a15c04-168e-4f8d-a894-4ba6d9cb4ce1?project=944000079155"},{"name":"SERVICE","state":"NOT_STARTED"}]},"done":false}
